


ARM Macro Assembler    Page 1 


    1 00000000                 AREA             RESET,DATA,READONLY
    2 00000000                 EXPORT           __Vectors
    3 00000000         __Vectors
    4 00000000 10001000        DCD              0x10001000  ; stack pointer val
                                                            ue when stack is em
                                                            pty
    5 00000004 00000000        DCD              Reset_Handler ; reset vector
    6 00000008                 ALIGN
    7 00000008                 AREA             mycode, CODE, READONLY
    8 00000000                 ENTRY
    9 00000000                 EXPORT           Reset_Handler
   10 00000000         Reset_Handler
   11 00000000         
   12 00000000 4911            LDR              R1,=SRC
   13 00000002 4E12            LDR              R6,=RES
   14 00000004 F04F 040A       MOV              R4,#10
   15 00000008         UP
   16 00000008 F851 0B04       LDR              R0,[R1],#4
   17 0000000C 1812            ADDS             R2,R0
   18 0000000E F143 0300       ADC              R3,#0
   19 00000012 F1A4 0401       SUB              R4,#1
   20 00000016 2C00            CMP              R4,#0
   21 00000018 D1F6            BNE              UP
   22 0000001A F846 2B04       STR              R2,[R6],#4
   23 0000001E 6033            STR              R3,[R6]
   24 00000020 E7FE    STOP    B                STOP
   25 00000022 00 00 00000002 
              00000045 
              00000056 
              00000023 
              00000056 
              00000034 
              00000045 
              00000034 
              00000076 SRC     DCD              0X2,0X45,0X56,0X23,0X56,0X34,0X
45,0X34,0X76
   26 00000048 00000000 
              00000000         AREA             MYDATA,DATA,READWRITE
   27 00000000 00000000 
              00000000 RES     DCD              0,0
   28 00000008                 END
Command Line: --debug --xref --cpu=Cortex-M3 --apcs=interwork --depend=ADD32.d 
-oADD32.o -IC:\Keil\ARM\RV31\INC -IC:\Keil\ARM\CMSIS\Include -IC:\Keil\ARM\Inc\
NXP\LPC17xx --predefine="__EVAL SETA 1" --list=ADD32.lst ADD32.asm



ARM Macro Assembler    Page 1 Alphabetic symbol ordering
Relocatable symbols

RESET 00000000

Symbol: RESET
   Definitions
      At line 1 in file ADD32.asm
   Uses
      None
Comment: RESET unused
__Vectors 00000000

Symbol: __Vectors
   Definitions
      At line 3 in file ADD32.asm
   Uses
      At line 2 in file ADD32.asm
Comment: __Vectors used once
2 symbols



ARM Macro Assembler    Page 1 Alphabetic symbol ordering
Relocatable symbols

Reset_Handler 00000000

Symbol: Reset_Handler
   Definitions
      At line 10 in file ADD32.asm
   Uses
      At line 5 in file ADD32.asm
      At line 9 in file ADD32.asm

SRC 00000024

Symbol: SRC
   Definitions
      At line 25 in file ADD32.asm
   Uses
      At line 12 in file ADD32.asm
Comment: SRC used once
STOP 00000020

Symbol: STOP
   Definitions
      At line 24 in file ADD32.asm
   Uses
      At line 24 in file ADD32.asm
Comment: STOP used once
UP 00000008

Symbol: UP
   Definitions
      At line 15 in file ADD32.asm
   Uses
      At line 21 in file ADD32.asm
Comment: UP used once
mycode 00000000

Symbol: mycode
   Definitions
      At line 7 in file ADD32.asm
   Uses
      None
Comment: mycode unused
5 symbols



ARM Macro Assembler    Page 1 Alphabetic symbol ordering
Relocatable symbols

MYDATA 00000000

Symbol: MYDATA
   Definitions
      At line 26 in file ADD32.asm
   Uses
      None
Comment: MYDATA unused
RES 00000000

Symbol: RES
   Definitions
      At line 27 in file ADD32.asm
   Uses
      At line 13 in file ADD32.asm
Comment: RES used once
2 symbols
342 symbols in table
