


ARM Macro Assembler    Page 1 


    1 00000000                 AREA             RESET, DATA, READONLY
    2 00000000                 EXPORT           __Vectors
    3 00000000         __Vectors
    4 00000000 40001000        DCD              0x40001000  ; stack pointer val
                                                            ue when stack is em
                                                            pty
    5 00000004 00000000        DCD              Reset_Handler ; reset vector
    6 00000008                 ALIGN
    7 00000008                 AREA             mycode, CODE, READONLY
    8 00000000                 ENTRY
    9 00000000                 EXPORT           Reset_Handler
   10 00000000         Reset_Handler
   11 00000000 480C            LDR              R0,=SRC1
   12 00000002 4E0D            LDR              R6,=DST
   13 00000004 490D            LDR              R1,=SRC2
   14 00000006 6803            LDR              R3,[R0]
   15 00000008 680C            LDR              R4,[R1]
   16 0000000A F04F 0500       MOV              R5,#0
   17 0000000E F04F 5900       MOV              R9,#0X20000000
   18 00000012 F389 8803       MSR              XPSR,R9
   19 00000016         UP
   20 00000016 42A3            CMP              R3,R4
   21 00000018 D304            BLO              EXIT
   22 0000001A EB63 0304       SBC              R3,R4
   23 0000001E F105 0501       ADD              R5,#1
   24 00000022 E7F8            B                UP
   25 00000024         EXIT
   26 00000024 F846 5B04       STR              R5,[R6],#4
   27 00000028 6033            STR              R3,[R6]
   28 0000002A E7FE    STOP    B                STOP
   29 0000002C 00000012 
                       SRC1    DCD              0X00000012
   30 00000030 00000004 
                       SRC2    DCD              0X00000004
   31 00000034 00000000 
              00000000 
              00000000         AREA             mydata,DATA,READWRITE
   32 00000000 00000000 
              00000000 DST     DCD              0,0
   33 00000008                 END
Command Line: --debug --xref --cpu=Cortex-M3 --apcs=interwork --depend=DIVISION
.d -oDIVISION.o -IC:\Keil\ARM\RV31\INC -IC:\Keil\ARM\CMSIS\Include -IC:\Keil\AR
M\Inc\NXP\LPC17xx --predefine="__EVAL SETA 1" --list=DIVISION.lst DIVISION.ASM



ARM Macro Assembler    Page 1 Alphabetic symbol ordering
Relocatable symbols

RESET 00000000

Symbol: RESET
   Definitions
      At line 1 in file DIVISION.ASM
   Uses
      None
Comment: RESET unused
__Vectors 00000000

Symbol: __Vectors
   Definitions
      At line 3 in file DIVISION.ASM
   Uses
      At line 2 in file DIVISION.ASM
Comment: __Vectors used once
2 symbols



ARM Macro Assembler    Page 1 Alphabetic symbol ordering
Relocatable symbols

EXIT 00000024

Symbol: EXIT
   Definitions
      At line 25 in file DIVISION.ASM
   Uses
      At line 21 in file DIVISION.ASM
Comment: EXIT used once
Reset_Handler 00000000

Symbol: Reset_Handler
   Definitions
      At line 10 in file DIVISION.ASM
   Uses
      At line 5 in file DIVISION.ASM
      At line 9 in file DIVISION.ASM

SRC1 0000002C

Symbol: SRC1
   Definitions
      At line 29 in file DIVISION.ASM
   Uses
      At line 11 in file DIVISION.ASM
Comment: SRC1 used once
SRC2 00000030

Symbol: SRC2
   Definitions
      At line 30 in file DIVISION.ASM
   Uses
      At line 13 in file DIVISION.ASM
Comment: SRC2 used once
STOP 0000002A

Symbol: STOP
   Definitions
      At line 28 in file DIVISION.ASM
   Uses
      At line 28 in file DIVISION.ASM
Comment: STOP used once
UP 00000016

Symbol: UP
   Definitions
      At line 19 in file DIVISION.ASM
   Uses
      At line 24 in file DIVISION.ASM
Comment: UP used once
mycode 00000000

Symbol: mycode
   Definitions
      At line 7 in file DIVISION.ASM
   Uses
      None
Comment: mycode unused
7 symbols



ARM Macro Assembler    Page 1 Alphabetic symbol ordering
Relocatable symbols

DST 00000000

Symbol: DST
   Definitions
      At line 32 in file DIVISION.ASM
   Uses
      At line 12 in file DIVISION.ASM
Comment: DST used once
mydata 00000000

Symbol: mydata
   Definitions
      At line 31 in file DIVISION.ASM
   Uses
      None
Comment: mydata unused
2 symbols
344 symbols in table
