


ARM Macro Assembler    Page 1 


    1 00000000                 AREA             RESET, DATA, READONLY
    2 00000000                 EXPORT           __Vectors
    3 00000000         __Vectors
    4 00000000 40001000        DCD              0x40001000  ; stack pointer val
                                                            ue when stack is em
                                                            pty
    5 00000004 00000000        DCD              Reset_Handler ; reset vector
    6 00000008                 ALIGN
    7 00000008                 AREA             mycode, CODE, READONLY
    8 00000000                 ENTRY
    9 00000000                 EXPORT           Reset_Handler
   10 00000000         Reset_Handler
   11 00000000 480F            LDR              R0,=SRC1
   12 00000002 4E10            LDR              R6,=DST
   13 00000004 4910            LDR              R1,=SRC2
   14 00000006 6803            LDR              R3,[R0]
   15 00000008 680C            LDR              R4,[R1]
   16 0000000A F04F 0800       MOV              R8,#0
   17 0000000E F04F 0701       MOV              R7,#0X00000001
   18 00000012         UP
   19 00000012 FB03 F807       MUL              R8,R3,R7
   20 00000016         U
   21 00000016 45A0            CMP              R8,R4
   22 00000018 D302            BLO              EXIT
   23 0000001A EBA8 0804       SUB              R8,R4
   24 0000001E E7FA            B                U
   25 00000020         EXIT
   26 00000020 F1B8 0F00       CMP              R8,#0
   27 00000024 D002            BEQ              EXITT
   28 00000026 F107 0701       ADD              R7,#1
   29 0000002A E7F2            B                UP
   30 0000002C         EXITT
   31 0000002C FB07 F903       MUL              R9,R7,R3
   32 00000030 F8C6 9000       STR              R9,[R6]
   33 00000034 E7FE    STOP    B                STOP
   34 00000036 00 00 00000008 
                       SRC1    DCD              0X00000008
   35 0000003C 00000004 
                       SRC2    DCD              0X00000004
   36 00000040 00000000 
              00000000 
              00000000         AREA             mydata,DATA,READWRITE
   37 00000000 00000000 
                       DST     DCD              0
   38 00000004                 END
Command Line: --debug --xref --cpu=Cortex-M3 --apcs=interwork --depend=LCM.d -o
LCM.o -IC:\Keil\ARM\RV31\INC -IC:\Keil\ARM\CMSIS\Include -IC:\Keil\ARM\Inc\NXP\
LPC17xx --predefine="__EVAL SETA 1" --list=LCM.lst LCM.ASM



ARM Macro Assembler    Page 1 Alphabetic symbol ordering
Relocatable symbols

RESET 00000000

Symbol: RESET
   Definitions
      At line 1 in file LCM.ASM
   Uses
      None
Comment: RESET unused
__Vectors 00000000

Symbol: __Vectors
   Definitions
      At line 3 in file LCM.ASM
   Uses
      At line 2 in file LCM.ASM
Comment: __Vectors used once
2 symbols



ARM Macro Assembler    Page 1 Alphabetic symbol ordering
Relocatable symbols

EXIT 00000020

Symbol: EXIT
   Definitions
      At line 25 in file LCM.ASM
   Uses
      At line 22 in file LCM.ASM
Comment: EXIT used once
EXITT 0000002C

Symbol: EXITT
   Definitions
      At line 30 in file LCM.ASM
   Uses
      At line 27 in file LCM.ASM
Comment: EXITT used once
Reset_Handler 00000000

Symbol: Reset_Handler
   Definitions
      At line 10 in file LCM.ASM
   Uses
      At line 5 in file LCM.ASM
      At line 9 in file LCM.ASM

SRC1 00000038

Symbol: SRC1
   Definitions
      At line 34 in file LCM.ASM
   Uses
      At line 11 in file LCM.ASM
Comment: SRC1 used once
SRC2 0000003C

Symbol: SRC2
   Definitions
      At line 35 in file LCM.ASM
   Uses
      At line 13 in file LCM.ASM
Comment: SRC2 used once
STOP 00000034

Symbol: STOP
   Definitions
      At line 33 in file LCM.ASM
   Uses
      At line 33 in file LCM.ASM
Comment: STOP used once
U 00000016

Symbol: U
   Definitions
      At line 20 in file LCM.ASM
   Uses
      At line 24 in file LCM.ASM
Comment: U used once
UP 00000012




ARM Macro Assembler    Page 2 Alphabetic symbol ordering
Relocatable symbols

Symbol: UP
   Definitions
      At line 18 in file LCM.ASM
   Uses
      At line 29 in file LCM.ASM
Comment: UP used once
mycode 00000000

Symbol: mycode
   Definitions
      At line 7 in file LCM.ASM
   Uses
      None
Comment: mycode unused
9 symbols



ARM Macro Assembler    Page 1 Alphabetic symbol ordering
Relocatable symbols

DST 00000000

Symbol: DST
   Definitions
      At line 37 in file LCM.ASM
   Uses
      At line 12 in file LCM.ASM
Comment: DST used once
mydata 00000000

Symbol: mydata
   Definitions
      At line 36 in file LCM.ASM
   Uses
      None
Comment: mydata unused
2 symbols
346 symbols in table
