


ARM Macro Assembler    Page 1 


    1 00000000                 AREA             RESET, DATA, READONLY
    2 00000000                 EXPORT           __Vectors
    3 00000000         __Vectors
    4 00000000 40001000        DCD              0x40001000  ; stack pointer val
                                                            ue when stack is em
                                                            pty
    5 00000004 00000000        DCD              Reset_Handler ; reset vector
    6 00000008                 ALIGN
    7 00000008                 AREA             mycode, CODE, READONLY
    8 00000000                 ENTRY
    9 00000000                 EXPORT           Reset_Handler
   10 00000000         Reset_Handler
   11 00000000 F04F 0004       MOV              R0,#4
   12 00000004 4601            MOV              R1,R0
   13 00000006 4602            MOV              R2,R0
   14 00000008 FB00 2401       MLA              R4,R0,R1,R2
   15 0000000C         UP
   16 0000000C 2C02            CMP              R4,#2
   17 0000000E D304            BLO              EXIT
   18 00000010 F1A4 0402       SUB              R4,#2
   19 00000014 F105 0501       ADD              R5,#1
   20 00000018 E7F8            B                UP
   21 0000001A         EXIT
   22 0000001A E7FE    STOP    B                STOP
   23 0000001C                 END
Command Line: --debug --xref --cpu=Cortex-M3 --apcs=interwork --depend=MLA.d -o
MLA.o -IC:\Keil\ARM\RV31\INC -IC:\Keil\ARM\CMSIS\Include -IC:\Keil\ARM\Inc\NXP\
LPC17xx --predefine="__EVAL SETA 1" --list=MLA.lst MLA.ASM



ARM Macro Assembler    Page 1 Alphabetic symbol ordering
Relocatable symbols

RESET 00000000

Symbol: RESET
   Definitions
      At line 1 in file MLA.ASM
   Uses
      None
Comment: RESET unused
__Vectors 00000000

Symbol: __Vectors
   Definitions
      At line 3 in file MLA.ASM
   Uses
      At line 2 in file MLA.ASM
Comment: __Vectors used once
2 symbols



ARM Macro Assembler    Page 1 Alphabetic symbol ordering
Relocatable symbols

EXIT 0000001A

Symbol: EXIT
   Definitions
      At line 21 in file MLA.ASM
   Uses
      At line 17 in file MLA.ASM
Comment: EXIT used once
Reset_Handler 00000000

Symbol: Reset_Handler
   Definitions
      At line 10 in file MLA.ASM
   Uses
      At line 5 in file MLA.ASM
      At line 9 in file MLA.ASM

STOP 0000001A

Symbol: STOP
   Definitions
      At line 22 in file MLA.ASM
   Uses
      At line 22 in file MLA.ASM
Comment: STOP used once
UP 0000000C

Symbol: UP
   Definitions
      At line 15 in file MLA.ASM
   Uses
      At line 20 in file MLA.ASM
Comment: UP used once
mycode 00000000

Symbol: mycode
   Definitions
      At line 7 in file MLA.ASM
   Uses
      None
Comment: mycode unused
5 symbols
338 symbols in table
