


ARM Macro Assembler    Page 1 


    1 00000000                 AREA             RESET, DATA, READONLY
    2 00000000                 EXPORT           __Vectors
    3 00000000         __Vectors
    4 00000000 40001000        DCD              0x40001000  ; stack pointer val
                                                            ue when stack is em
                                                            pty
    5 00000004 00000000        DCD              Reset_Handler ; reset vector
    6 00000008                 ALIGN
    7 00000008                 AREA             mycode, CODE, READONLY
    8 00000000                 ENTRY
    9 00000000                 EXPORT           Reset_Handler
   10 00000000         Reset_Handler
   11 00000000 4B13            LDR              R3,=SRC1
   12 00000002 4C14            LDR              R4,=SRC2
   13 00000004 F04F 0504       MOV              R5,#4
   14 00000008 F388 8803       MSR              XPSR,R8
   15 0000000C 4E12            LDR              R6,=DST
   16 0000000E         BACK
   17 0000000E F853 0B04       LDR              R0,[R3],#4
   18 00000012 F854 1B04       LDR              R1,[R4],#4
   19 00000016 EB50 0201       ADCS             R2,R0,R1
   20 0000001A F846 2B04       STR              R2,[R6],#4
   21 0000001E F1A5 0501       SUB              R5,#1
   22 00000022 F095 0F00       TEQ              R5,#0
   23 00000026 D1F2            BNE              BACK
   24 00000028 F147 0700       ADC              R7,#0
   25 0000002C 6037            STR              R7,[R6]
   26 0000002E E7FE    STOP    B                STOP
   27 00000030 00000F23 
              00000002 
              000000FF 
              00000001 SRC1    DCD              0X0000F23,0X2,0XFF,0X1
   28 00000040 00000F23 
              00000005 
              000000AE 
              0000000F SRC2    DCD              0X0000F23,0X5,0XAE,0XF
   29 00000050 00000000 
              00000000 
              00000000         AREA             mydata,DATA,READWRITE
   30 00000000 00000000 
              00000000 
              00000000 
              00000000 
              00000000 DST     DCD              0,0,0,0,0
   31 00000014                 END
Command Line: --debug --xref --cpu=Cortex-M3 --apcs=interwork --depend=Q128bSum
.d -oQ128bSum.o -IC:\Keil\ARM\RV31\INC -IC:\Keil\ARM\CMSIS\Include -IC:\Keil\AR
M\Inc\NXP\LPC17xx --predefine="__EVAL SETA 1" --list=Q128bSum.lst Q128bSum.asm



ARM Macro Assembler    Page 1 Alphabetic symbol ordering
Relocatable symbols

RESET 00000000

Symbol: RESET
   Definitions
      At line 1 in file Q128bSum.asm
   Uses
      None
Comment: RESET unused
__Vectors 00000000

Symbol: __Vectors
   Definitions
      At line 3 in file Q128bSum.asm
   Uses
      At line 2 in file Q128bSum.asm
Comment: __Vectors used once
2 symbols



ARM Macro Assembler    Page 1 Alphabetic symbol ordering
Relocatable symbols

BACK 0000000E

Symbol: BACK
   Definitions
      At line 16 in file Q128bSum.asm
   Uses
      At line 23 in file Q128bSum.asm
Comment: BACK used once
Reset_Handler 00000000

Symbol: Reset_Handler
   Definitions
      At line 10 in file Q128bSum.asm
   Uses
      At line 5 in file Q128bSum.asm
      At line 9 in file Q128bSum.asm

SRC1 00000030

Symbol: SRC1
   Definitions
      At line 27 in file Q128bSum.asm
   Uses
      At line 11 in file Q128bSum.asm
Comment: SRC1 used once
SRC2 00000040

Symbol: SRC2
   Definitions
      At line 28 in file Q128bSum.asm
   Uses
      At line 12 in file Q128bSum.asm
Comment: SRC2 used once
STOP 0000002E

Symbol: STOP
   Definitions
      At line 26 in file Q128bSum.asm
   Uses
      At line 26 in file Q128bSum.asm
Comment: STOP used once
mycode 00000000

Symbol: mycode
   Definitions
      At line 7 in file Q128bSum.asm
   Uses
      None
Comment: mycode unused
6 symbols



ARM Macro Assembler    Page 1 Alphabetic symbol ordering
Relocatable symbols

DST 00000000

Symbol: DST
   Definitions
      At line 30 in file Q128bSum.asm
   Uses
      At line 15 in file Q128bSum.asm
Comment: DST used once
mydata 00000000

Symbol: mydata
   Definitions
      At line 29 in file Q128bSum.asm
   Uses
      None
Comment: mydata unused
2 symbols
343 symbols in table
