


ARM Macro Assembler    Page 1 


    1 00000000                 AREA             RESET, DATA, READONLY
    2 00000000                 EXPORT           __Vectors
    3 00000000         __Vectors
    4 00000000 40001000        DCD              0x40001000  ; stack pointer val
                                                            ue when stack is em
                                                            pty
    5 00000004 00000000        DCD              Reset_Handler ; reset vector
    6 00000008                 ALIGN
    7 00000008                 AREA             mycode, CODE, READONLY
    8 00000000                 ENTRY
    9 00000000                 EXPORT           Reset_Handler
   10 00000000         Reset_Handler
   11 00000000 4806            LDR              R0,=SRC
   12 00000002 F850 1B04       LDR              R1,[R0],#4
   13 00000006 4A06            LDR              R2,=DST
   14 00000008 F842 1B04       STR              R1,[R2],#4
   15 0000000C 6801            LDR              R1,[R0]
   16 0000000E 6011            STR              R1,[R2]
   17 00000010         
   18 00000010 E7FE    STOP    B                STOP
   19 00000012 00 00 FF1256C4 
              3C154230 SRC     DCD              0xFF1256C4,0x3C154230
   20 0000001C 00000000 
              00000000         AREA             mydata,DATA,READWRITE
   21 00000000 00000000 
              00000000 DST     DCD              0,0
   22 00000008                 END
Command Line: --debug --xref --cpu=Cortex-M3 --apcs=interwork --depend=Q2_1.d -
oQ2_1.o -IC:\Keil\ARM\RV31\INC -IC:\Keil\ARM\CMSIS\Include -IC:\Keil\ARM\Inc\NX
P\LPC17xx --predefine="__EVAL SETA 1" --list=Q2_1.lst Q2_1.asm



ARM Macro Assembler    Page 1 Alphabetic symbol ordering
Relocatable symbols

RESET 00000000

Symbol: RESET
   Definitions
      At line 1 in file Q2_1.asm
   Uses
      None
Comment: RESET unused
__Vectors 00000000

Symbol: __Vectors
   Definitions
      At line 3 in file Q2_1.asm
   Uses
      At line 2 in file Q2_1.asm
Comment: __Vectors used once
2 symbols



ARM Macro Assembler    Page 1 Alphabetic symbol ordering
Relocatable symbols

Reset_Handler 00000000

Symbol: Reset_Handler
   Definitions
      At line 10 in file Q2_1.asm
   Uses
      At line 5 in file Q2_1.asm
      At line 9 in file Q2_1.asm

SRC 00000014

Symbol: SRC
   Definitions
      At line 19 in file Q2_1.asm
   Uses
      At line 11 in file Q2_1.asm
Comment: SRC used once
STOP 00000010

Symbol: STOP
   Definitions
      At line 18 in file Q2_1.asm
   Uses
      At line 18 in file Q2_1.asm
Comment: STOP used once
mycode 00000000

Symbol: mycode
   Definitions
      At line 7 in file Q2_1.asm
   Uses
      None
Comment: mycode unused
4 symbols



ARM Macro Assembler    Page 1 Alphabetic symbol ordering
Relocatable symbols

DST 00000000

Symbol: DST
   Definitions
      At line 21 in file Q2_1.asm
   Uses
      At line 13 in file Q2_1.asm
Comment: DST used once
mydata 00000000

Symbol: mydata
   Definitions
      At line 20 in file Q2_1.asm
   Uses
      None
Comment: mydata unused
2 symbols
341 symbols in table
