


ARM Macro Assembler    Page 1 


    1 00000000                 AREA             RESET, DATA, READONLY
    2 00000000                 EXPORT           __Vectors
    3 00000000         __Vectors
    4 00000000 40001000        DCD              0x40001000  ; stack pointer val
                                                            ue when stack is em
                                                            pty
    5 00000004 00000000        DCD              Reset_Handler ; reset vector
    6 00000008                 ALIGN
    7 00000008                 AREA             mycode, CODE, READONLY
    8 00000000                 ENTRY
    9 00000000                 EXPORT           Reset_Handler
   10 00000000         Reset_Handler
   11 00000000 4806            LDR              R0,=SRC+4*(N-1)
   12 00000002 4907            LDR              R1,=SRC+4*(shift+N-1)
   13 00000004 F04F 0305       MOV              R3,#5
   14 00000008         BACK
   15 00000008 F850 4904       LDR              R4,[R0],#-4
   16 0000000C F841 4904       STR              R4,[R1],#-4
   17 00000010 F1A3 0301       SUB              R3,#1
   18 00000014 2B00            CMP              R3,#0
   19 00000016 D1F7            BNE              BACK
   20 00000018         
   21 00000018 E7FE    STOP    B                STOP
   22 0000001A 00000005 
                       N       EQU              5
   23 0000001A 00000002 
                       shift   EQU              2
   24 0000001A 00 00 00000010 
              00000018         AREA             mydata,DATA,READWRITE
   25 00000000 00000000 
              00000000 
              00000000 
              00000000 
              00000000 SRC     DCD              0,0,0,0,0
   26 00000014                 END
Command Line: --debug --xref --cpu=Cortex-M3 --apcs=interwork --depend=Q2_3.d -
oQ2_3.o -IC:\Keil\ARM\RV31\INC -IC:\Keil\ARM\CMSIS\Include -IC:\Keil\ARM\Inc\NX
P\LPC17xx --predefine="__EVAL SETA 1" --list=Q2_3.lst Q2_3.ASM



ARM Macro Assembler    Page 1 Alphabetic symbol ordering
Relocatable symbols

RESET 00000000

Symbol: RESET
   Definitions
      At line 1 in file Q2_3.ASM
   Uses
      None
Comment: RESET unused
__Vectors 00000000

Symbol: __Vectors
   Definitions
      At line 3 in file Q2_3.ASM
   Uses
      At line 2 in file Q2_3.ASM
Comment: __Vectors used once
2 symbols



ARM Macro Assembler    Page 1 Alphabetic symbol ordering
Relocatable symbols

BACK 00000008

Symbol: BACK
   Definitions
      At line 14 in file Q2_3.ASM
   Uses
      At line 19 in file Q2_3.ASM
Comment: BACK used once
Reset_Handler 00000000

Symbol: Reset_Handler
   Definitions
      At line 10 in file Q2_3.ASM
   Uses
      At line 5 in file Q2_3.ASM
      At line 9 in file Q2_3.ASM

STOP 00000018

Symbol: STOP
   Definitions
      At line 21 in file Q2_3.ASM
   Uses
      At line 21 in file Q2_3.ASM
Comment: STOP used once
mycode 00000000

Symbol: mycode
   Definitions
      At line 7 in file Q2_3.ASM
   Uses
      None
Comment: mycode unused
4 symbols



ARM Macro Assembler    Page 1 Alphabetic symbol ordering
Relocatable symbols

SRC 00000000

Symbol: SRC
   Definitions
      At line 25 in file Q2_3.ASM
   Uses
      At line 11 in file Q2_3.ASM
      At line 12 in file Q2_3.ASM

mydata 00000000

Symbol: mydata
   Definitions
      At line 24 in file Q2_3.ASM
   Uses
      None
Comment: mydata unused
2 symbols



ARM Macro Assembler    Page 1 Alphabetic symbol ordering
Absolute symbols

N 00000005

Symbol: N
   Definitions
      At line 22 in file Q2_3.ASM
   Uses
      At line 11 in file Q2_3.ASM
      At line 12 in file Q2_3.ASM

shift 00000002

Symbol: shift
   Definitions
      At line 23 in file Q2_3.ASM
   Uses
      At line 12 in file Q2_3.ASM
Comment: shift used once
2 symbols
343 symbols in table
