


ARM Macro Assembler    Page 1 


    1 00000000                 AREA             RESET, DATA, READONLY
    2 00000000                 EXPORT           __Vectors
    3 00000000         __Vectors
    4 00000000 40001000        DCD              0x40001000  ; stack pointer val
                                                            ue when stack is em
                                                            pty
    5 00000004 00000000        DCD              Reset_Handler ; reset vector
    6 00000008         
    7 00000008                 ALIGN
    8 00000008                 AREA             mycode, CODE, READONLY
    9 00000000                 ENTRY
   10 00000000                 EXPORT           Reset_Handler
   11 00000000         Reset_Handler
   12 00000000 4807            LDR              R0,=SRC
   13 00000002 4908            LDR              R1,=SRC+4*(N-1)
   14 00000004 F04F 0300       MOV              R3,#0
   15 00000008         BACK
   16 00000008 6804            LDR              R4,[R0]
   17 0000000A 680D            LDR              R5,[R1]
   18 0000000C F841 4904       STR              R4,[R1],#-4
   19 00000010 F840 5B04       STR              R5,[R0],#4
   20 00000014 F103 0301       ADD              R3,#1
   21 00000018 2B02            CMP              R3,#N/2
   22 0000001A D1F5            BNE              BACK
   23 0000001C E7FE    STOP    B                STOP
   24 0000001E 00000004 
                       N       EQU              4
   25 0000001E 00 00 00000000 
              0000000C         AREA             mydata,DATA,READWRITE
   26 00000000 00000000 
              00000000 
              00000000 
              00000000 SRC     DCD              0,0,0,0
   27 00000010                 END
Command Line: --debug --xref --cpu=Cortex-M3 --apcs=interwork --depend=Qarray_1
.d -oQarray_1.o -IC:\Keil\ARM\RV31\INC -IC:\Keil\ARM\CMSIS\Include -IC:\Keil\AR
M\Inc\NXP\LPC17xx --predefine="__EVAL SETA 1" --list=Qarray_1.lst Qarray_1.asm



ARM Macro Assembler    Page 1 Alphabetic symbol ordering
Relocatable symbols

RESET 00000000

Symbol: RESET
   Definitions
      At line 1 in file Qarray_1.asm
   Uses
      None
Comment: RESET unused
__Vectors 00000000

Symbol: __Vectors
   Definitions
      At line 3 in file Qarray_1.asm
   Uses
      At line 2 in file Qarray_1.asm
Comment: __Vectors used once
2 symbols



ARM Macro Assembler    Page 1 Alphabetic symbol ordering
Relocatable symbols

BACK 00000008

Symbol: BACK
   Definitions
      At line 15 in file Qarray_1.asm
   Uses
      At line 22 in file Qarray_1.asm
Comment: BACK used once
Reset_Handler 00000000

Symbol: Reset_Handler
   Definitions
      At line 11 in file Qarray_1.asm
   Uses
      At line 5 in file Qarray_1.asm
      At line 10 in file Qarray_1.asm

STOP 0000001C

Symbol: STOP
   Definitions
      At line 23 in file Qarray_1.asm
   Uses
      At line 23 in file Qarray_1.asm
Comment: STOP used once
mycode 00000000

Symbol: mycode
   Definitions
      At line 8 in file Qarray_1.asm
   Uses
      None
Comment: mycode unused
4 symbols



ARM Macro Assembler    Page 1 Alphabetic symbol ordering
Relocatable symbols

SRC 00000000

Symbol: SRC
   Definitions
      At line 26 in file Qarray_1.asm
   Uses
      At line 12 in file Qarray_1.asm
      At line 13 in file Qarray_1.asm

mydata 00000000

Symbol: mydata
   Definitions
      At line 25 in file Qarray_1.asm
   Uses
      None
Comment: mydata unused
2 symbols



ARM Macro Assembler    Page 1 Alphabetic symbol ordering
Absolute symbols

N 00000004

Symbol: N
   Definitions
      At line 24 in file Qarray_1.asm
   Uses
      At line 13 in file Qarray_1.asm
      At line 21 in file Qarray_1.asm

1 symbol
342 symbols in table
