


ARM Macro Assembler    Page 1 


    1 00000000                 AREA             RESET, DATA, READONLY
    2 00000000                 EXPORT           __Vectors
    3 00000000         __Vectors
    4 00000000 40001000        DCD              0x40001000  ; stack pointer val
                                                            ue when stack is em
                                                            pty
    5 00000004 00000000        DCD              Reset_Handler ; reset vector
    6 00000008                 ALIGN
    7 00000008                 AREA             RESET, DATA, READONLY
    8 00000008                 EXPORT           __Vectors
    9 00000008 00000000        DCD              Reset_Handler ; reset vector
   10 0000000C                 ALIGN
   11 0000000C                 AREA             mycode, CODE, READONLY
   12 00000000                 ENTRY
   13 00000000                 EXPORT           Reset_Handler
   14 00000000         Reset_Handler
   15 00000000 480F            LDR              R0,=SRC
   16 00000002 6800            LDR              R0,[R0]
   17 00000004 4601            MOV              R1,R0
   18 00000006 F001 01FF       AND              R1,#0XFF
   19 0000000A EA4F 2010       LSR              R0,#8
   20 0000000E 2939            CMP              R1,#0X39
   21 00000010 D902            BLS              EXIT
   22 00000012 F1A1 0137       SUB              R1,#0X37
   23 00000016 E001            B                SKIP
   24 00000018 F1A1 0130 
                       EXIT    SUB              R1,#0X30
   25 0000001C 2839    SKIP    CMP              R0,#0X39
   26 0000001E D904            BLS              EXITT
   27 00000020 F1A0 0037       SUB              R0,#0X37
   28 00000024 EA4F 1000       LSL              R0,#4
   29 00000028 E003            B                SKIPP
   30 0000002A F1A0 0030 
                       EXITT   SUB              R0,#0X30
   31 0000002E EA4F 1000       LSL              R0,#4
   32 00000032 4401    SKIPP   ADD              R1,R0
   33 00000034 4D03            LDR              R5,=DST
   34 00000036 6029            STR              R1,[R5]
   35 00000038 E7FE    STOP    B                STOP
   36 0000003A 00 00 00003239 
                       SRC     DCD              0X3239
   37 00000040 00000000 
              00000000         AREA             mydata,DATA,READWRITE
   38 00000000 00000000 
              00000000 DST     DCD              0,0
   39 00000008                 END
Command Line: --debug --xref --cpu=Cortex-M3 --apcs=interwork --depend=ascii_he
x.d -oascii_hex.o -IC:\Keil\ARM\RV31\INC -IC:\Keil\ARM\CMSIS\Include -IC:\Keil\
ARM\Inc\NXP\LPC17xx --predefine="__EVAL SETA 1" --list=ascii_hex.lst ascii_hex.
ASM



ARM Macro Assembler    Page 1 Alphabetic symbol ordering
Relocatable symbols

RESET 00000000

Symbol: RESET
   Definitions
      At line 1 in file ascii_hex.ASM
   Uses
      None
Comment: RESET unused
__Vectors 00000000

Symbol: __Vectors
   Definitions
      At line 3 in file ascii_hex.ASM
   Uses
      At line 2 in file ascii_hex.ASM
      At line 8 in file ascii_hex.ASM

2 symbols



ARM Macro Assembler    Page 1 Alphabetic symbol ordering
Relocatable symbols

EXIT 00000018

Symbol: EXIT
   Definitions
      At line 24 in file ascii_hex.ASM
   Uses
      At line 21 in file ascii_hex.ASM
Comment: EXIT used once
EXITT 0000002A

Symbol: EXITT
   Definitions
      At line 30 in file ascii_hex.ASM
   Uses
      At line 26 in file ascii_hex.ASM
Comment: EXITT used once
Reset_Handler 00000000

Symbol: Reset_Handler
   Definitions
      At line 14 in file ascii_hex.ASM
   Uses
      At line 5 in file ascii_hex.ASM
      At line 9 in file ascii_hex.ASM
      At line 13 in file ascii_hex.ASM

SKIP 0000001C

Symbol: SKIP
   Definitions
      At line 25 in file ascii_hex.ASM
   Uses
      At line 23 in file ascii_hex.ASM
Comment: SKIP used once
SKIPP 00000032

Symbol: SKIPP
   Definitions
      At line 32 in file ascii_hex.ASM
   Uses
      At line 29 in file ascii_hex.ASM
Comment: SKIPP used once
SRC 0000003C

Symbol: SRC
   Definitions
      At line 36 in file ascii_hex.ASM
   Uses
      At line 15 in file ascii_hex.ASM
Comment: SRC used once
STOP 00000038

Symbol: STOP
   Definitions
      At line 35 in file ascii_hex.ASM
   Uses
      At line 35 in file ascii_hex.ASM
Comment: STOP used once
mycode 00000000



ARM Macro Assembler    Page 2 Alphabetic symbol ordering
Relocatable symbols


Symbol: mycode
   Definitions
      At line 11 in file ascii_hex.ASM
   Uses
      None
Comment: mycode unused
8 symbols



ARM Macro Assembler    Page 1 Alphabetic symbol ordering
Relocatable symbols

DST 00000000

Symbol: DST
   Definitions
      At line 38 in file ascii_hex.ASM
   Uses
      At line 33 in file ascii_hex.ASM
Comment: DST used once
mydata 00000000

Symbol: mydata
   Definitions
      At line 37 in file ascii_hex.ASM
   Uses
      None
Comment: mydata unused
2 symbols
345 symbols in table
