


ARM Macro Assembler    Page 1 


    1 00000000                 AREA             RESET, DATA, READONLY
    2 00000000                 EXPORT           __Vectors
    3 00000000         __Vectors
    4 00000000 40001000        DCD              0x40001000  ; stack pointer val
                                                            ue when stack is em
                                                            pty
    5 00000004 00000000        DCD              Reset_Handler ; reset vector
    6 00000008                 ALIGN
    7 00000008                 AREA             RESET, DATA, READONLY
    8 00000008                 EXPORT           __Vectors
    9 00000008 00000000        DCD              Reset_Handler ; reset vector
   10 0000000C                 ALIGN
   11 0000000C                 AREA             mycode, CODE, READONLY
   12 00000000                 ENTRY
   13 00000000                 EXPORT           Reset_Handler
   14 00000000         Reset_Handler
   15 00000000 480B            LDR              R0,=N
   16 00000002 4E0C            LDR              R6,=DST
   17 00000004 F04F 0100       MOV              R1,#0
   18 00000008 F04F 0201       MOV              R2,#1
   19 0000000C F846 1B04       STR              R1,[R6],#4
   20 00000010 F846 2B04       STR              R2,[R6],#4
   21 00000014         UP
   22 00000014 F090 0F00       TEQ              R0,#0
   23 00000018 F1A0 0001       sub              R0,#1
   24 0000001C D006            BEQ              EXIT
   25 0000001E EB01 0302       ADD              R3,R1,R2
   26 00000022 F846 3B04       STR              R3,[R6],#4
   27 00000026 4611            MOV              R1,R2
   28 00000028 461A            MOV              R2,R3
   29 0000002A E7F3            B                UP
   30 0000002C         EXIT
   31 0000002C E7FE    STOP    B                STOP
   32 0000002E 00000005 
                       N       EQU              5
   33 0000002E 00 00 00000005 
              00000000         AREA             data, DATA, READWRITE
   34 00000000 00000000 
              00000000 
              00000000 
              00000000 
              00000000 
              00000000 DST     DCD              0,0,0,0,0,0
   35 00000018                 END
Command Line: --debug --xref --cpu=Cortex-M3 --apcs=interwork --depend=fibo.d -
ofibo.o -IC:\Keil\ARM\RV31\INC -IC:\Keil\ARM\CMSIS\Include -IC:\Keil\ARM\Inc\NX
P\LPC17xx --predefine="__EVAL SETA 1" --list=fibo.lst fibo.ASM



ARM Macro Assembler    Page 1 Alphabetic symbol ordering
Relocatable symbols

RESET 00000000

Symbol: RESET
   Definitions
      At line 1 in file fibo.ASM
   Uses
      None
Comment: RESET unused
__Vectors 00000000

Symbol: __Vectors
   Definitions
      At line 3 in file fibo.ASM
   Uses
      At line 2 in file fibo.ASM
      At line 8 in file fibo.ASM

2 symbols



ARM Macro Assembler    Page 1 Alphabetic symbol ordering
Relocatable symbols

EXIT 0000002C

Symbol: EXIT
   Definitions
      At line 30 in file fibo.ASM
   Uses
      At line 24 in file fibo.ASM
Comment: EXIT used once
Reset_Handler 00000000

Symbol: Reset_Handler
   Definitions
      At line 14 in file fibo.ASM
   Uses
      At line 5 in file fibo.ASM
      At line 9 in file fibo.ASM
      At line 13 in file fibo.ASM

STOP 0000002C

Symbol: STOP
   Definitions
      At line 31 in file fibo.ASM
   Uses
      At line 31 in file fibo.ASM
Comment: STOP used once
UP 00000014

Symbol: UP
   Definitions
      At line 21 in file fibo.ASM
   Uses
      At line 29 in file fibo.ASM
Comment: UP used once
mycode 00000000

Symbol: mycode
   Definitions
      At line 11 in file fibo.ASM
   Uses
      None
Comment: mycode unused
5 symbols



ARM Macro Assembler    Page 1 Alphabetic symbol ordering
Relocatable symbols

DST 00000000

Symbol: DST
   Definitions
      At line 34 in file fibo.ASM
   Uses
      At line 16 in file fibo.ASM
Comment: DST used once
data 00000000

Symbol: data
   Definitions
      At line 33 in file fibo.ASM
   Uses
      None
Comment: data unused
2 symbols



ARM Macro Assembler    Page 1 Alphabetic symbol ordering
Absolute symbols

N 00000005

Symbol: N
   Definitions
      At line 32 in file fibo.ASM
   Uses
      At line 15 in file fibo.ASM
Comment: N used once
1 symbol
343 symbols in table
