


ARM Macro Assembler    Page 1 


    1 00000000                 AREA             RESET, DATA, READONLY
    2 00000000                 EXPORT           __Vectors
    3 00000000         __Vectors
    4 00000000 40001000        DCD              0x40001000  ; stack pointer val
                                                            ue when stack is em
                                                            pty
    5 00000004 00000000        DCD              Reset_Handler ; reset vector
    6 00000008                 ALIGN
    7 00000008                 AREA             mycode, CODE, READONLY
    8 00000000                 ENTRY
    9 00000000                 EXPORT           Reset_Handler
   10 00000000         Reset_Handler
   11 00000000 480D            LDR              R0,=SRC1
   12 00000002 6803            LDR              R3,[R0]
   13 00000004         UP
   14 00000004 F000 F80B       BL               DIV
   15 00000008 FA03 F302       LSL              R3,R2
   16 0000000C 441C            ADD              R4,R3
   17 0000000E F102 0204       ADD              R2,#4
   18 00000012 460B            MOV              R3,R1
   19 00000014 2900            CMP              R1,#0
   20 00000016 D1F5            BNE              UP
   21 00000018 4E08            LDR              R6,=DST
   22 0000001A 6034            STR              R4,[R6]
   23 0000001C E7FE    STOP    B                STOP
   24 0000001E         
   25 0000001E         DIV
   26 0000001E F04F 0100       MOV              R1,#0
   27 00000022 2B0A    BACK    CMP              R3,#0XA
   28 00000024 D304            BLO              EXIT
   29 00000026 F1A3 030A       SUB              R3,#0XA
   30 0000002A F101 0101       ADD              R1,#1
   31 0000002E E7F8            B                BACK
   32 00000030         EXIT
   33 00000030 4770            BX               LR
   34 00000032 00 00 000000AE 
                       SRC1    DCD              0X000000AE
   35 00000038 00000000 
              00000000         AREA             mydata,DATA,READWRITE
   36 00000000 00000000 
                       DST     DCD              0
   37 00000004                 END
Command Line: --debug --xref --cpu=Cortex-M3 --apcs=interwork --depend=hex_BCD.
d -ohex_BCD.o -IC:\Keil\ARM\RV31\INC -IC:\Keil\ARM\CMSIS\Include -IC:\Keil\ARM\
Inc\NXP\LPC17xx --predefine="__EVAL SETA 1" --list=hex_BCD.lst hex_BCD.asm



ARM Macro Assembler    Page 1 Alphabetic symbol ordering
Relocatable symbols

RESET 00000000

Symbol: RESET
   Definitions
      At line 1 in file hex_BCD.asm
   Uses
      None
Comment: RESET unused
__Vectors 00000000

Symbol: __Vectors
   Definitions
      At line 3 in file hex_BCD.asm
   Uses
      At line 2 in file hex_BCD.asm
Comment: __Vectors used once
2 symbols



ARM Macro Assembler    Page 1 Alphabetic symbol ordering
Relocatable symbols

BACK 00000022

Symbol: BACK
   Definitions
      At line 27 in file hex_BCD.asm
   Uses
      At line 31 in file hex_BCD.asm
Comment: BACK used once
DIV 0000001E

Symbol: DIV
   Definitions
      At line 25 in file hex_BCD.asm
   Uses
      At line 14 in file hex_BCD.asm
Comment: DIV used once
EXIT 00000030

Symbol: EXIT
   Definitions
      At line 32 in file hex_BCD.asm
   Uses
      At line 28 in file hex_BCD.asm
Comment: EXIT used once
Reset_Handler 00000000

Symbol: Reset_Handler
   Definitions
      At line 10 in file hex_BCD.asm
   Uses
      At line 5 in file hex_BCD.asm
      At line 9 in file hex_BCD.asm

SRC1 00000034

Symbol: SRC1
   Definitions
      At line 34 in file hex_BCD.asm
   Uses
      At line 11 in file hex_BCD.asm
Comment: SRC1 used once
STOP 0000001C

Symbol: STOP
   Definitions
      At line 23 in file hex_BCD.asm
   Uses
      At line 23 in file hex_BCD.asm
Comment: STOP used once
UP 00000004

Symbol: UP
   Definitions
      At line 13 in file hex_BCD.asm
   Uses
      At line 20 in file hex_BCD.asm
Comment: UP used once
mycode 00000000




ARM Macro Assembler    Page 2 Alphabetic symbol ordering
Relocatable symbols

Symbol: mycode
   Definitions
      At line 7 in file hex_BCD.asm
   Uses
      None
Comment: mycode unused
8 symbols



ARM Macro Assembler    Page 1 Alphabetic symbol ordering
Relocatable symbols

DST 00000000

Symbol: DST
   Definitions
      At line 36 in file hex_BCD.asm
   Uses
      At line 21 in file hex_BCD.asm
Comment: DST used once
mydata 00000000

Symbol: mydata
   Definitions
      At line 35 in file hex_BCD.asm
   Uses
      None
Comment: mydata unused
2 symbols
345 symbols in table
