


ARM Macro Assembler    Page 1 


    1 00000000                 AREA             RESET, DATA, READONLY
    2 00000000                 EXPORT           __Vectors
    3 00000000         __Vectors
    4 00000000 40001000        DCD              0x40001000  ; stack pointer val
                                                            ue when stack is em
                                                            pty
    5 00000004 00000000        DCD              Reset_Handler ; reset vector
    6 00000008                 ALIGN
    7 00000008                 AREA             mycode, CODE, READONLY
    8 00000000                 ENTRY
    9 00000000                 EXPORT           Reset_Handler
   10 00000000         Reset_Handler
   11 00000000 480F            LDR              R0,=SRC1
   12 00000002 F04F 0505       MOV              R5,#5
   13 00000006 F04F 0204       MOV              R2,#4
   14 0000000A F850 1B04 
                       UP      LDR              R1,[R0],#4
   15 0000000E F04F 0401       MOV              R4,#1
   16 00000012 4291            CMP              R1,R2
   17 00000014 D006            BEQ              EXIT
   18 00000016 F1A5 0501       SUB              R5,#1
   19 0000001A F04F 0400       MOV              R4,#0
   20 0000001E 2D00            CMP              R5,#0
   21 00000020 D000            BEQ              EXIT
   22 00000022 E7F2            B                UP
   23 00000024         EXIT
   24 00000024 4E07            LDR              R6,=DST
   25 00000026 6034            STR              R4,[R6]     ;
   26 00000028 E7FE    STOP    B                STOP
   27 0000002A 00 00 00000001 
              00000002 
              00000003 
              00000004 
              00000005 SRC1    DCD              0X1,0X2,0X3,0X4,0X5
   28 00000040 00000000 
              00000000         AREA             mydata,DATA,READWRITE
   29 00000000 00000000 
                       DST     DCD              0
   30 00000004                 END
Command Line: --debug --xref --cpu=Cortex-M3 --apcs=interwork --depend=SEARCH.d
 -oSEARCH.o -IC:\Keil\ARM\RV31\INC -IC:\Keil\ARM\CMSIS\Include -IC:\Keil\ARM\In
c\NXP\LPC17xx --predefine="__EVAL SETA 1" --list=SEARCH.lst SEARCH.ASM



ARM Macro Assembler    Page 1 Alphabetic symbol ordering
Relocatable symbols

RESET 00000000

Symbol: RESET
   Definitions
      At line 1 in file SEARCH.ASM
   Uses
      None
Comment: RESET unused
__Vectors 00000000

Symbol: __Vectors
   Definitions
      At line 3 in file SEARCH.ASM
   Uses
      At line 2 in file SEARCH.ASM
Comment: __Vectors used once
2 symbols



ARM Macro Assembler    Page 1 Alphabetic symbol ordering
Relocatable symbols

EXIT 00000024

Symbol: EXIT
   Definitions
      At line 23 in file SEARCH.ASM
   Uses
      At line 17 in file SEARCH.ASM
      At line 21 in file SEARCH.ASM

Reset_Handler 00000000

Symbol: Reset_Handler
   Definitions
      At line 10 in file SEARCH.ASM
   Uses
      At line 5 in file SEARCH.ASM
      At line 9 in file SEARCH.ASM

SRC1 0000002C

Symbol: SRC1
   Definitions
      At line 27 in file SEARCH.ASM
   Uses
      At line 11 in file SEARCH.ASM
Comment: SRC1 used once
STOP 00000028

Symbol: STOP
   Definitions
      At line 26 in file SEARCH.ASM
   Uses
      At line 26 in file SEARCH.ASM
Comment: STOP used once
UP 0000000A

Symbol: UP
   Definitions
      At line 14 in file SEARCH.ASM
   Uses
      At line 22 in file SEARCH.ASM
Comment: UP used once
mycode 00000000

Symbol: mycode
   Definitions
      At line 7 in file SEARCH.ASM
   Uses
      None
Comment: mycode unused
6 symbols



ARM Macro Assembler    Page 1 Alphabetic symbol ordering
Relocatable symbols

DST 00000000

Symbol: DST
   Definitions
      At line 29 in file SEARCH.ASM
   Uses
      At line 24 in file SEARCH.ASM
Comment: DST used once
mydata 00000000

Symbol: mydata
   Definitions
      At line 28 in file SEARCH.ASM
   Uses
      None
Comment: mydata unused
2 symbols
343 symbols in table
