


ARM Macro Assembler    Page 1 


    1 00000000                 AREA             RESET, DATA, READONLY
    2 00000000                 EXPORT           __Vectors
    3 00000000         __Vectors
    4 00000000 40001000        DCD              0x40001000  ; stack pointer val
                                                            ue when stack is em
                                                            pty
    5 00000004 00000000        DCD              Reset_Handler ; reset vector
    6 00000008                 ALIGN
    7 00000008                 AREA             mycode, CODE, READONLY
    8 00000000                 ENTRY
    9 00000000                 EXPORT           Reset_Handler
   10 00000000         Reset_Handler
   11 00000000 4811            LDR              R0, =SRC
   12 00000002 4911            LDR              R1,=SRC
   13 00000004 6802    UP      LDR              R2,[R0]
   14 00000006 2B05            CMP              R3,#5
   15 00000008 D01D            BEQ              EXIT
   16 0000000A 4604            MOV              R4,R0
   17 0000000C 461E            MOV              R6,R3
   18 0000000E         BACK
   19 0000000E F101 0104       ADD              R1, #4      ;
   20 00000012 460D            MOV              R5,R1       ;
   21 00000014 682F            LDR              R7,[R5]     ;
   22 00000016 F106 0601       ADD              R6,#1       ;
   23 0000001A F096 0F05       TEQ              R6,#5       ;
   24 0000001E D002            BEQ              UP1
   25 00000020 4297            CMP              R7,R2
   26 00000022 D30E            BLO              CHANGE
   27 00000024         BA
   28 00000024 E7F3            B                BACK
   29 00000026 F8D4 9000 
                       UP1     LDR              R9,[R4]
   30 0000002A F8D0 A000       LDR              R10,[R0]
   31 0000002E F8C0 9000       STR              R9,[R0]
   32 00000032 F8C4 A000       STR              R10,[R4]
   33 00000036 F103 0301       ADD              R3,#1
   34 0000003A F100 0004       ADD              R0,#4
   35 0000003E 4601            MOV              R1,R0
   36 00000040 E7E0            B                UP
   37 00000042 462C    CHANGE  MOV              R4,R5
   38 00000044 E7EE            B                BA
   39 00000046         EXIT
   40 00000046 E7FE    STOP    B                STOP
   41 00000048 00000000 
              00000000         AREA             mydata,DATA,READWRITE
   42 00000000 00000000 
              00000000 
              00000000 
              00000000 
              00000000 SRC     DCD              0,0,0,0,0
   43 00000014                 END
Command Line: --debug --xref --cpu=Cortex-M3 --apcs=interwork --depend=selectio
nsort.d -oselectionsort.o -IC:\Keil\ARM\RV31\INC -IC:\Keil\ARM\CMSIS\Include -I
C:\Keil\ARM\Inc\NXP\LPC177x_8x --predefine="__EVAL SETA 1" --list=selectionsort
.lst selectionsort.ASM



ARM Macro Assembler    Page 1 Alphabetic symbol ordering
Relocatable symbols

RESET 00000000

Symbol: RESET
   Definitions
      At line 1 in file selectionsort.ASM
   Uses
      None
Comment: RESET unused
__Vectors 00000000

Symbol: __Vectors
   Definitions
      At line 3 in file selectionsort.ASM
   Uses
      At line 2 in file selectionsort.ASM
Comment: __Vectors used once
2 symbols



ARM Macro Assembler    Page 1 Alphabetic symbol ordering
Relocatable symbols

BA 00000024

Symbol: BA
   Definitions
      At line 27 in file selectionsort.ASM
   Uses
      At line 38 in file selectionsort.ASM
Comment: BA used once
BACK 0000000E

Symbol: BACK
   Definitions
      At line 18 in file selectionsort.ASM
   Uses
      At line 28 in file selectionsort.ASM
Comment: BACK used once
CHANGE 00000042

Symbol: CHANGE
   Definitions
      At line 37 in file selectionsort.ASM
   Uses
      At line 26 in file selectionsort.ASM
Comment: CHANGE used once
EXIT 00000046

Symbol: EXIT
   Definitions
      At line 39 in file selectionsort.ASM
   Uses
      At line 15 in file selectionsort.ASM
Comment: EXIT used once
Reset_Handler 00000000

Symbol: Reset_Handler
   Definitions
      At line 10 in file selectionsort.ASM
   Uses
      At line 5 in file selectionsort.ASM
      At line 9 in file selectionsort.ASM

STOP 00000046

Symbol: STOP
   Definitions
      At line 40 in file selectionsort.ASM
   Uses
      At line 40 in file selectionsort.ASM
Comment: STOP used once
UP 00000004

Symbol: UP
   Definitions
      At line 13 in file selectionsort.ASM
   Uses
      At line 36 in file selectionsort.ASM
Comment: UP used once
UP1 00000026




ARM Macro Assembler    Page 2 Alphabetic symbol ordering
Relocatable symbols

Symbol: UP1
   Definitions
      At line 29 in file selectionsort.ASM
   Uses
      At line 24 in file selectionsort.ASM
Comment: UP1 used once
mycode 00000000

Symbol: mycode
   Definitions
      At line 7 in file selectionsort.ASM
   Uses
      None
Comment: mycode unused
9 symbols



ARM Macro Assembler    Page 1 Alphabetic symbol ordering
Relocatable symbols

SRC 00000000

Symbol: SRC
   Definitions
      At line 42 in file selectionsort.ASM
   Uses
      At line 11 in file selectionsort.ASM
      At line 12 in file selectionsort.ASM

mydata 00000000

Symbol: mydata
   Definitions
      At line 41 in file selectionsort.ASM
   Uses
      None
Comment: mydata unused
2 symbols
346 symbols in table
