


ARM Macro Assembler    Page 1 


    1 00000000                 AREA             RESET, DATA, READONLY
    2 00000000                 EXPORT           __Vectors
    3 00000000         __Vectors
    4 00000000 40001000        DCD              0x40001000  ; stack pointer val
                                                            ue when stack is em
                                                            pty
    5 00000004 00000000        DCD              Reset_Handler ; reset vector
    6 00000008         
    7 00000008                 ALIGN
    8 00000008                 AREA             mycode, CODE, READONLY
    9 00000000                 ENTRY
   10 00000000                 EXPORT           Reset_Handler
   11 00000000         Reset_Handler
   12 00000000 4802            LDR              R0,=N
   13 00000002 6801            LDR              R1,[R0]
   14 00000004 E7FE    STOP    B                STOP
   15 00000006 00 00 12345678 
                       N       DCD              0X12345678
   16 0000000C                 END
              00000000 
Command Line: --debug --xref --cpu=Cortex-M3 --apcs=interwork --depend=ADD1.d -
oADD1.o -IC:\Keil\ARM\RV31\INC -IC:\Keil\ARM\CMSIS\Include -IC:\Keil\ARM\Inc\NX
P\LPC17xx --predefine="__EVAL SETA 1" --list=ADD1.lst ADD1.asm



ARM Macro Assembler    Page 1 Alphabetic symbol ordering
Relocatable symbols

RESET 00000000

Symbol: RESET
   Definitions
      At line 1 in file ADD1.asm
   Uses
      None
Comment: RESET unused
__Vectors 00000000

Symbol: __Vectors
   Definitions
      At line 3 in file ADD1.asm
   Uses
      At line 2 in file ADD1.asm
Comment: __Vectors used once
2 symbols



ARM Macro Assembler    Page 1 Alphabetic symbol ordering
Relocatable symbols

N 00000008

Symbol: N
   Definitions
      At line 15 in file ADD1.asm
   Uses
      At line 12 in file ADD1.asm
Comment: N used once
Reset_Handler 00000000

Symbol: Reset_Handler
   Definitions
      At line 11 in file ADD1.asm
   Uses
      At line 5 in file ADD1.asm
      At line 10 in file ADD1.asm

STOP 00000004

Symbol: STOP
   Definitions
      At line 14 in file ADD1.asm
   Uses
      At line 14 in file ADD1.asm
Comment: STOP used once
mycode 00000000

Symbol: mycode
   Definitions
      At line 8 in file ADD1.asm
   Uses
      None
Comment: mycode unused
4 symbols
339 symbols in table
