


ARM Macro Assembler    Page 1 


    1 00000000                 AREA             RESET, DATA, READONLY
    2 00000000                 EXPORT           __Vectors
    3 00000000         __Vectors
    4 00000000 40001000        DCD              0x40001000  ; stack pointer val
                                                            ue when stack is em
                                                            pty
    5 00000004 00000000        DCD              Reset_Handler ; reset vector
    6 00000008                 ALIGN
    7 00000008                 AREA             mycode, CODE, READONLY
    8 00000000                 ENTRY
    9 00000000                 EXPORT           Reset_Handler
   10 00000000         Reset_Handler
   11 00000000 F04F 0002       MOV              R0,#0X00000002
   12 00000004 F04F 0100       MOV              R1,#0X0000000
   13 00000008 1A43            SUBS             R3,R0,R1
   14 0000000A E7FE    STOP    B                STOP
   15 0000000C                 END
Command Line: --debug --xref --cpu=Cortex-M3 --apcs=interwork --depend=Q3sub32b
it.d -oQ3sub32bit.o -IC:\Keil\ARM\RV31\INC -IC:\Keil\ARM\CMSIS\Include -IC:\Kei
l\ARM\Inc\NXP\LPC177x_8x --predefine="__EVAL SETA 1" --list=Q3sub32bit.lst Q3su
b32bit.asm



ARM Macro Assembler    Page 1 Alphabetic symbol ordering
Relocatable symbols

RESET 00000000

Symbol: RESET
   Definitions
      At line 1 in file Q3sub32bit.asm
   Uses
      None
Comment: RESET unused
__Vectors 00000000

Symbol: __Vectors
   Definitions
      At line 3 in file Q3sub32bit.asm
   Uses
      At line 2 in file Q3sub32bit.asm
Comment: __Vectors used once
2 symbols



ARM Macro Assembler    Page 1 Alphabetic symbol ordering
Relocatable symbols

Reset_Handler 00000000

Symbol: Reset_Handler
   Definitions
      At line 10 in file Q3sub32bit.asm
   Uses
      At line 5 in file Q3sub32bit.asm
      At line 9 in file Q3sub32bit.asm

STOP 0000000A

Symbol: STOP
   Definitions
      At line 14 in file Q3sub32bit.asm
   Uses
      At line 14 in file Q3sub32bit.asm
Comment: STOP used once
mycode 00000000

Symbol: mycode
   Definitions
      At line 7 in file Q3sub32bit.asm
   Uses
      None
Comment: mycode unused
3 symbols
336 symbols in table
