


ARM Macro Assembler    Page 1 


    1 00000000                 AREA             RESET, DATA, READONLY
    2 00000000                 EXPORT           __Vectors
    3 00000000         __Vectors
    4 00000000 40001000        DCD              0x40001000  ; stack pointer val
                                                            ue when stack is em
                                                            pty
    5 00000004 00000000        DCD              Reset_Handler ; reset vector
    6 00000008                 ALIGN
    7 00000008                 AREA             mycode, CODE, READONLY
    8 00000000                 ENTRY
    9 00000000                 EXPORT           Reset_Handler
   10 00000000         Reset_Handler
   11 00000000 4B14            LDR              R3,=SRC1
   12 00000002 4C15            LDR              R4,=SRC2
   13 00000004 F04F 0504       MOV              R5,#4
   14 00000008 F04F 5800       MOV              R8,#0X20000000
   15 0000000C F388 8803       MSR              XPSR,R8
   16 00000010 4E12            LDR              R6,=DST
   17 00000012         BACK
   18 00000012 F853 0B04       LDR              R0,[R3],#4
   19 00000016 F854 1B04       LDR              R1,[R4],#4
   20 0000001A EB70 0201       SBCS             R2,R0,R1
   21 0000001E F846 2B04       STR              R2,[R6],#4
   22 00000022 F1A5 0501       SUB              R5,#1
   23 00000026 F095 0F00       TEQ              R5,#0
   24 0000002A D1F2            BNE              BACK
   25 0000002C F147 0700       ADC              R7,#0
   26 00000030 6037            STR              R7,[R6]
   27 00000032 E7FE    STOP    B                STOP
   28 00000034 0000FF23 
              0000FF23 
              00000004 
              00000005 SRC1    DCD              0X0000FF23,0X0000FF23,0X0000000
4,0X00000005
   29 00000044 0000FF23 
              0000FF23 
              00000005 
              00000005 SRC2    DCD              0X0000FF23,0X0000FF23,0X0000000
5,0X00000005
   30 00000054 00000000 
              00000000 
              00000000         AREA             mydata,DATA,READWRITE
   31 00000000 00000000 
              00000000 
              00000000 
              00000000 
              00000000 DST     DCD              0,0,0,0,0
   32 00000014                 END
Command Line: --debug --xref --cpu=Cortex-M3 --apcs=interwork --depend=Q4_128BI
TsUB.d -oQ4_128BITsUB.o -IC:\Keil\ARM\RV31\INC -IC:\Keil\ARM\CMSIS\Include -IC:
\Keil\ARM\Inc\NXP\LPC17xx --predefine="__EVAL SETA 1" --list=Q4_128BITsUB.lst Q
4_128BITsUB.asm



ARM Macro Assembler    Page 1 Alphabetic symbol ordering
Relocatable symbols

RESET 00000000

Symbol: RESET
   Definitions
      At line 1 in file Q4_128BITsUB.asm
   Uses
      None
Comment: RESET unused
__Vectors 00000000

Symbol: __Vectors
   Definitions
      At line 3 in file Q4_128BITsUB.asm
   Uses
      At line 2 in file Q4_128BITsUB.asm
Comment: __Vectors used once
2 symbols



ARM Macro Assembler    Page 1 Alphabetic symbol ordering
Relocatable symbols

BACK 00000012

Symbol: BACK
   Definitions
      At line 17 in file Q4_128BITsUB.asm
   Uses
      At line 24 in file Q4_128BITsUB.asm
Comment: BACK used once
Reset_Handler 00000000

Symbol: Reset_Handler
   Definitions
      At line 10 in file Q4_128BITsUB.asm
   Uses
      At line 5 in file Q4_128BITsUB.asm
      At line 9 in file Q4_128BITsUB.asm

SRC1 00000034

Symbol: SRC1
   Definitions
      At line 28 in file Q4_128BITsUB.asm
   Uses
      At line 11 in file Q4_128BITsUB.asm
Comment: SRC1 used once
SRC2 00000044

Symbol: SRC2
   Definitions
      At line 29 in file Q4_128BITsUB.asm
   Uses
      At line 12 in file Q4_128BITsUB.asm
Comment: SRC2 used once
STOP 00000032

Symbol: STOP
   Definitions
      At line 27 in file Q4_128BITsUB.asm
   Uses
      At line 27 in file Q4_128BITsUB.asm
Comment: STOP used once
mycode 00000000

Symbol: mycode
   Definitions
      At line 7 in file Q4_128BITsUB.asm
   Uses
      None
Comment: mycode unused
6 symbols



ARM Macro Assembler    Page 1 Alphabetic symbol ordering
Relocatable symbols

DST 00000000

Symbol: DST
   Definitions
      At line 31 in file Q4_128BITsUB.asm
   Uses
      At line 16 in file Q4_128BITsUB.asm
Comment: DST used once
mydata 00000000

Symbol: mydata
   Definitions
      At line 30 in file Q4_128BITsUB.asm
   Uses
      None
Comment: mydata unused
2 symbols
343 symbols in table
